#define SYS_FAULT_REG_AFSR	    0xE000ED3C 
#define SYS_FAULT_REG_AIRCR	    0xE000ED0C 
#define SYS_FAULT_REG_BFAR	    0xE000ED29 
#define SYS_FAULT_REG_CCR	    0xE000ED14 
#define SYS_FAULT_REG_CFSR	    0xE000ED28         //uint32_t
#define SYS_FAULT_REG_DFSR	    0xE000ED30 
#define SYS_FAULT_REG_HFSR	    0xE000ED2C 
#define SYS_FAULT_REG_ICSR	    0xE000ED04 
#define SYS_FAULT_REG_MMFAR	    0xE000ED28 
#define SYS_FAULT_REG_SCR	    0xE000ED10 
#define SYS_FAULT_REG_SHCSR	    0xE000ED24 
#define SYS_FAULT_REG_UFSR      0xE000ED2A         //uint16_t
#define SYS_FAULT_REG_BFSR      0xE000ED29         //uint8_t
#define SYS_FAULT_REG_MMFSR     0xE000ED28         //uint8_t

FAULT_REGISTERS[0]  = *SYS_FAULT_REG_AFSR	
FAULT_REGISTERS[1]  = *SYS_FAULT_REG_AIRCR	
FAULT_REGISTERS[2]  = *SYS_FAULT_REG_BFAR	
FAULT_REGISTERS[3]  = *SYS_FAULT_REG_CCR	
FAULT_REGISTERS[4]  = *SYS_FAULT_REG_CFSR	
FAULT_REGISTERS[5]  = *SYS_FAULT_REG_DFSR	
FAULT_REGISTERS[6]  = *SYS_FAULT_REG_HFSR	
FAULT_REGISTERS[7]  = *SYS_FAULT_REG_ICSR	
FAULT_REGISTERS[8]  = *SYS_FAULT_REG_MMFAR	
FAULT_REGISTERS[9]  = *SYS_FAULT_REG_SCR	
FAULT_REGISTERS[10] = *SYS_FAULT_REG_SHCSR	
FAULT_REGISTERS[11] = *SYS_FAULT_REG_UFSR  
FAULT_REGISTERS[12] = *SYS_FAULT_REG_BFSR  
FAULT_REGISTERS[13] = *SYS_FAULT_REG_MMFSR 